<?xml version="1.0" encoding="UTF-8"?>
<!-- Generated by org.testng.reporters.JUnitXMLReporter -->
<testsuite ignored="0" hostname="SANKET-LAPTOP" failures="1" tests="8" name="Test" time="1.944" errors="0" timestamp="2022-03-04T12:34:21 IST">
  <testcase classname="SanketLearning.Mavenjava.AppiumTest" name="nativeAppRun" time="0.008"/>
  <testcase classname="SanketLearning.Mavenjava.AppiumTest" name="validateCache" time="0.001"/>
  <testcase classname="SanketLearning.Mavenjava.RESTAPITest" name="getData" time="0.0"/>
  <testcase classname="SanketLearning.Mavenjava.RESTAPITest" name="updateData" time="0.0"/>
  <testcase classname="SanketLearning.Mavenjava.AppTest" name="shouldAnswerWithTrue" time="0.004">
    <failure type="java.lang.AssertionError" message="expected [true] but found [false]">
      <![CDATA[java.lang.AssertionError: expected [true] but found [false]
at SanketLearning.Mavenjava.AppTest.shouldAnswerWithTrue(AppTest.java:18)
at java.base/java.util.ArrayList.forEach(ArrayList.java:1511)
... Removed 35 stack frames]]>
    </failure>
  </testcase> <!-- shouldAnswerWithTrue -->
  <testcase classname="SanketLearning.Mavenjava.SeleniumTest" name="run" time="1.874"/>
  <testcase classname="SanketLearning.Mavenjava.SeleniumTest" name="testCase1" time="0.003"/>
  <testcase classname="SanketLearning.Mavenjava.SeleniumTest" name="testCase2" time="0.0"/>
</testsuite> <!-- Test -->
