<?xml version="1.0" encoding="UTF-8"?>
<testng-results ignored="0" total="8" passed="7" failed="1" skipped="0">
  <reporter-output>
  </reporter-output>
  <suite started-at="2022-03-04T12:34:19 IST" name="Suite" finished-at="2022-03-04T12:34:21 IST" duration-ms="1944">
    <groups>
    </groups>
    <test started-at="2022-03-04T12:34:19 IST" name="Test" finished-at="2022-03-04T12:34:21 IST" duration-ms="1944">
      <class name="SanketLearning.Mavenjava.AppTest">
        <test-method signature="shouldAnswerWithTrue()[pri:0, instance:SanketLearning.Mavenjava.AppTest@4b0b0854]" started-at="2022-03-04T12:34:19 IST" name="shouldAnswerWithTrue" finished-at="2022-03-04T12:34:19 IST" duration-ms="4" status="FAIL">
          <exception class="java.lang.AssertionError">
            <message>
              <![CDATA[expected [true] but found [false]]]>
            </message>
            <full-stacktrace>
              <![CDATA[java.lang.AssertionError: expected [true] but found [false]
at org.testng.Assert.fail(Assert.java:110)
at org.testng.Assert.failNotEquals(Assert.java:1413)
at org.testng.Assert.assertTrue(Assert.java:56)
at org.testng.Assert.assertTrue(Assert.java:66)
at SanketLearning.Mavenjava.AppTest.shouldAnswerWithTrue(AppTest.java:18)
at java.base/jdk.internal.reflect.NativeMethodAccessorImpl.invoke0(Native Method)
at java.base/jdk.internal.reflect.NativeMethodAccessorImpl.invoke(NativeMethodAccessorImpl.java:77)
at java.base/jdk.internal.reflect.DelegatingMethodAccessorImpl.invoke(DelegatingMethodAccessorImpl.java:43)
at java.base/java.lang.reflect.Method.invoke(Method.java:568)
at org.testng.internal.invokers.MethodInvocationHelper.invokeMethod(MethodInvocationHelper.java:135)
at org.testng.internal.invokers.TestInvoker.invokeMethod(TestInvoker.java:673)
at org.testng.internal.invokers.TestInvoker.invokeTestMethod(TestInvoker.java:220)
at org.testng.internal.invokers.MethodRunner.runInSequence(MethodRunner.java:50)
at org.testng.internal.invokers.TestInvoker$MethodInvocationAgent.invoke(TestInvoker.java:945)
at org.testng.internal.invokers.TestInvoker.invokeTestMethods(TestInvoker.java:193)
at org.testng.internal.invokers.TestMethodWorker.invokeTestMethods(TestMethodWorker.java:146)
at org.testng.internal.invokers.TestMethodWorker.run(TestMethodWorker.java:128)
at java.base/java.util.ArrayList.forEach(ArrayList.java:1511)
at org.testng.TestRunner.privateRun(TestRunner.java:808)
at org.testng.TestRunner.run(TestRunner.java:603)
at org.testng.SuiteRunner.runTest(SuiteRunner.java:429)
at org.testng.SuiteRunner.runSequentially(SuiteRunner.java:423)
at org.testng.SuiteRunner.privateRun(SuiteRunner.java:383)
at org.testng.SuiteRunner.run(SuiteRunner.java:326)
at org.testng.SuiteRunnerWorker.runSuite(SuiteRunnerWorker.java:52)
at org.testng.SuiteRunnerWorker.run(SuiteRunnerWorker.java:95)
at org.testng.TestNG.runSuitesSequentially(TestNG.java:1249)
at org.testng.TestNG.runSuitesLocally(TestNG.java:1169)
at org.testng.TestNG.runSuites(TestNG.java:1092)
at org.testng.TestNG.run(TestNG.java:1060)
at org.apache.maven.surefire.testng.TestNGExecutor.run(TestNGExecutor.java:284)
at org.apache.maven.surefire.testng.TestNGXmlTestSuite.execute(TestNGXmlTestSuite.java:75)
at org.apache.maven.surefire.testng.TestNGProvider.invoke(TestNGProvider.java:119)
at org.apache.maven.surefire.booter.ForkedBooter.runSuitesInProcess(ForkedBooter.java:428)
at org.apache.maven.surefire.booter.ForkedBooter.execute(ForkedBooter.java:162)
at org.apache.maven.surefire.booter.ForkedBooter.run(ForkedBooter.java:562)
at org.apache.maven.surefire.booter.ForkedBooter.main(ForkedBooter.java:548)
]]>
            </full-stacktrace>
          </exception> <!-- java.lang.AssertionError -->
          <reporter-output>
          </reporter-output>
        </test-method> <!-- shouldAnswerWithTrue -->
      </class> <!-- SanketLearning.Mavenjava.AppTest -->
      <class name="SanketLearning.Mavenjava.RESTAPITest">
        <test-method signature="getData()[pri:0, instance:SanketLearning.Mavenjava.RESTAPITest@e056f20]" started-at="2022-03-04T12:34:19 IST" name="getData" finished-at="2022-03-04T12:34:19 IST" duration-ms="0" status="PASS">
          <reporter-output>
          </reporter-output>
        </test-method> <!-- getData -->
        <test-method signature="updateData()[pri:0, instance:SanketLearning.Mavenjava.RESTAPITest@e056f20]" started-at="2022-03-04T12:34:19 IST" name="updateData" finished-at="2022-03-04T12:34:19 IST" duration-ms="0" status="PASS">
          <reporter-output>
          </reporter-output>
        </test-method> <!-- updateData -->
      </class> <!-- SanketLearning.Mavenjava.RESTAPITest -->
      <class name="SanketLearning.Mavenjava.AppiumTest">
        <test-method signature="nativeAppRun()[pri:0, instance:SanketLearning.Mavenjava.AppiumTest@3e92efc3]" started-at="2022-03-04T12:34:19 IST" name="nativeAppRun" finished-at="2022-03-04T12:34:19 IST" duration-ms="8" status="PASS">
          <reporter-output>
          </reporter-output>
        </test-method> <!-- nativeAppRun -->
        <test-method signature="validateCache()[pri:0, instance:SanketLearning.Mavenjava.AppiumTest@3e92efc3]" started-at="2022-03-04T12:34:19 IST" name="validateCache" finished-at="2022-03-04T12:34:19 IST" duration-ms="1" status="PASS">
          <reporter-output>
          </reporter-output>
        </test-method> <!-- validateCache -->
      </class> <!-- SanketLearning.Mavenjava.AppiumTest -->
      <class name="SanketLearning.Mavenjava.SeleniumTest">
        <test-method signature="run()[pri:0, instance:SanketLearning.Mavenjava.SeleniumTest@19bb07ed]" started-at="2022-03-04T12:34:19 IST" name="run" finished-at="2022-03-04T12:34:21 IST" duration-ms="1874" status="PASS">
          <reporter-output>
          </reporter-output>
        </test-method> <!-- run -->
        <test-method signature="testCase1()[pri:0, instance:SanketLearning.Mavenjava.SeleniumTest@19bb07ed]" started-at="2022-03-04T12:34:21 IST" name="testCase1" finished-at="2022-03-04T12:34:21 IST" duration-ms="3" status="PASS">
          <reporter-output>
          </reporter-output>
        </test-method> <!-- testCase1 -->
        <test-method signature="testCase2()[pri:0, instance:SanketLearning.Mavenjava.SeleniumTest@19bb07ed]" started-at="2022-03-04T12:34:21 IST" name="testCase2" finished-at="2022-03-04T12:34:21 IST" duration-ms="0" status="PASS">
          <reporter-output>
          </reporter-output>
        </test-method> <!-- testCase2 -->
      </class> <!-- SanketLearning.Mavenjava.SeleniumTest -->
    </test> <!-- Test -->
  </suite> <!-- Suite -->
</testng-results>
